----------

Tue Sep 17 2024 13:57:49 GMT-0400 (Eastern Daylight Time)

You have not agreed to the Xcode license agreements. Please run 'sudo xcodebuild -license' from within a Terminal window to review and agree to the Xcode and Apple SDKs license.


----------

Tue Sep 17 2024 13:57:49 GMT-0400 (Eastern Daylight Time)

You have not agreed to the Xcode license agreements. Please run 'sudo xcodebuild -license' from within a Terminal window to review and agree to the Xcode and Apple SDKs license.


----------

Tue Sep 17 2024 13:57:49 GMT-0400 (Eastern Daylight Time)

You have not agreed to the Xcode license agreements. Please run 'sudo xcodebuild -license' from within a Terminal window to review and agree to the Xcode and Apple SDKs license.


----------

Tue Sep 17 2024 13:57:49 GMT-0400 (Eastern Daylight Time)

/Users/graceburke/Documents/export.sh: line 7: 0: command not found


----------

Tue Sep 17 2024 14:00:44 GMT-0400 (Eastern Daylight Time)

fatal: not a git repository (or any of the parent directories): .git


----------

Tue Sep 17 2024 14:00:44 GMT-0400 (Eastern Daylight Time)

fatal: not a git repository (or any of the parent directories): .git


----------

Tue Sep 17 2024 14:00:44 GMT-0400 (Eastern Daylight Time)

fatal: not a git repository (or any of the parent directories): .git


----------

Tue Sep 17 2024 14:07:35 GMT-0400 (Eastern Daylight Time)

fatal: Unable to create '/Users/graceburke/.git/index.lock': File exists.

Another git process seems to be running in this repository, e.g.
an editor opened by 'git commit'. Please make sure all processes
are terminated then try again. If it still fails, a git process
may have crashed in this repository earlier:
remove the file manually to continue.


----------

Tue Sep 17 2024 14:07:35 GMT-0400 (Eastern Daylight Time)

fatal: Unable to create '/Users/graceburke/.git/index.lock': File exists.

Another git process seems to be running in this repository, e.g.
an editor opened by 'git commit'. Please make sure all processes
are terminated then try again. If it still fails, a git process
may have crashed in this repository earlier:
remove the file manually to continue.


----------

Tue Sep 17 2024 14:07:35 GMT-0400 (Eastern Daylight Time)

error: src refspec main does not match any
error: failed to push some refs to 'github.com:GraceBurke-88/graceburke.git'


----------

Tue Sep 17 2024 14:51:28 GMT-0400 (Eastern Daylight Time)

To github.com:GraceBurke-88/graceburke.git
   56f57f2..004f6f5  main -> main


----------

Tue Sep 17 2024 14:51:29 GMT-0400 (Eastern Daylight Time)

To github.com:GraceBurke-88/graceburke.git
   004f6f5..1a66c0a  main -> main


